<?xml version="1.0" encoding="UTF-8"?>
<testsuite xmlns:xsi="http://www.w3.org/2001/XMLSchema-instance" xsi:noNamespaceSchemaLocation="https://maven.apache.org/surefire/maven-surefire-plugin/xsd/surefire-test-report-3.0.xsd" version="3.0" name="com.bharath.flightreservation.repos.FlightRepositoryTest" time="0.698" tests="8" errors="0" skipped="0" failures="0">
  <properties>
[...]
</properties>
  <testcase name="findFlights_returnsMultipleFlights_whenMoreThanOneMatchExists" classname="com.bharath.flightreservation.repos.FlightRepositoryTest" time="0.251">
    <system-out><![CDATA[2026-05-27T12:50:53.692+05:30  INFO 1128 --- [           main] t.c.s.AnnotationConfigContextLoaderUtils : Could not detect default configuration classes for test class [com.bharath.flightreservation.repos.FlightRepositoryTest]: FlightRepositoryTest does not declare any static, non-private, non-final, nested classes annotated with @Configuration.
2026-05-27T12:50:53.721+05:30  INFO 1128 --- [           main] .b.t.c.SpringBootTestContextBootstrapper : Found @SpringBootConfiguration com.bharath.flightreservation.FlightreservationApplication for test class com.bharath.flightreservation.repos.FlightRepositoryTest

  .   ____          _            __ _ _
 /\\ / ___'_ __ _ _(_)_ __  __ _ \ \ \ \
( ( )\___ | '_ | '_| | '_ \/ _` | \ \ \ \
 \\/  ___)| |_)| | | | | || (_| |  ) ) ) )
  '  |____| .__|_| |_|_| |_\__, | / / / /
 =========|_|==============|___/=/_/_/_/
 :: Spring Boot ::                (v3.2.5)

2026-05-27T12:50:53.755+05:30  INFO 1128 --- [           main] c.b.f.repos.FlightRepositoryTest         : Starting FlightRepositoryTest using Java 17.0.2 with PID 1128 (started by dileep.adabala in C:\Users\dileep.adabala\DevOps practice\flight\flightrepository)
2026-05-27T12:50:53.755+05:30  INFO 1128 --- [           main] c.b.f.repos.FlightRepositoryTest         : No active profile set, falling back to 1 default profile: "default"
2026-05-27T12:50:53.852+05:30  INFO 1128 --- [           main] .s.d.r.c.RepositoryConfigurationDelegate : Bootstrapping Spring Data JPA repositories in DEFAULT mode.
2026-05-27T12:50:53.866+05:30  INFO 1128 --- [           main] .s.d.r.c.RepositoryConfigurationDelegate : Finished Spring Data repository scanning in 13 ms. Found 3 JPA repository interfaces.
2026-05-27T12:50:53.876+05:30  INFO 1128 --- [           main] beddedDataSourceBeanFactoryPostProcessor : Replacing 'dataSource' DataSource bean with embedded version
2026-05-27T12:50:53.905+05:30  INFO 1128 --- [           main] o.s.j.d.e.EmbeddedDatabaseFactory        : Starting embedded database: url='jdbc:h2:mem:24353888-7e01-4a9c-817c-4aa1c8215b49;DB_CLOSE_DELAY=-1;DB_CLOSE_ON_EXIT=false', username='sa'
2026-05-27T12:50:53.924+05:30  INFO 1128 --- [           main] o.hibernate.jpa.internal.util.LogHelper  : HHH000204: Processing PersistenceUnitInfo [name: default]
2026-05-27T12:50:53.927+05:30  INFO 1128 --- [           main] o.h.c.internal.RegionFactoryInitiator    : HHH000026: Second-level cache disabled
2026-05-27T12:50:53.933+05:30  INFO 1128 --- [           main] o.s.o.j.p.SpringPersistenceUnitInfo      : No LoadTimeWeaver setup: ignoring JPA class transformer
2026-05-27T12:50:53.935+05:30  WARN 1128 --- [           main] org.hibernate.orm.deprecation            : HHH90000025: H2Dialect does not need to be specified explicitly using 'hibernate.dialect' (remove the property setting and it will be selected by default)
2026-05-27T12:50:53.995+05:30  INFO 1128 --- [           main] o.h.e.t.j.p.i.JtaPlatformInitiator       : HHH000489: No JTA platform available (set 'hibernate.transaction.jta.platform' to enable JTA platform integration)
Hibernate: drop table if exists flight cascade 
Hibernate: drop table if exists passenger cascade 
Hibernate: drop table if exists reservation cascade 
Hibernate: create table flight (date_of_departure date, estimated_departure_time time(6), id bigint generated by default as identity, arrival_city varchar(255), departure_city varchar(255), flight_number varchar(255), operating_airlines varchar(255), primary key (id))
Hibernate: create table passenger (id bigint generated by default as identity, email varchar(255) unique, first_name varchar(255), last_name varchar(255), middle_name varchar(255), phone varchar(255), primary key (id))
Hibernate: create table reservation (checked_in boolean not null, number_of_bags integer not null, flight_id bigint, id bigint generated by default as identity, passenger_id bigint, primary key (id))
Hibernate: alter table if exists reservation add constraint FKasu7mudg91n0ypk81rx93ucp5 foreign key (flight_id) references flight
Hibernate: alter table if exists reservation add constraint FK3biwcv0wn3a1lp86g0ecsbnvd foreign key (passenger_id) references passenger
2026-05-27T12:50:54.001+05:30  INFO 1128 --- [           main] j.LocalContainerEntityManagerFactoryBean : Initialized JPA EntityManagerFactory for persistence unit 'default'
2026-05-27T12:50:54.047+05:30  INFO 1128 --- [           main] c.b.f.repos.FlightRepositoryTest         : Started FlightRepositoryTest in 0.322 seconds (process running for 9.127)
Hibernate: insert into flight (arrival_city,date_of_departure,departure_city,estimated_departure_time,flight_number,operating_airlines,id) values (?,?,?,?,?,?,default)
Hibernate: insert into flight (arrival_city,date_of_departure,departure_city,estimated_departure_time,flight_number,operating_airlines,id) values (?,?,?,?,?,?,default)
Hibernate: insert into flight (arrival_city,date_of_departure,departure_city,estimated_departure_time,flight_number,operating_airlines,id) values (?,?,?,?,?,?,default)
Hibernate: insert into flight (arrival_city,date_of_departure,departure_city,estimated_departure_time,flight_number,operating_airlines,id) values (?,?,?,?,?,?,default)
Hibernate: select f1_0.id,f1_0.arrival_city,f1_0.date_of_departure,f1_0.departure_city,f1_0.estimated_departure_time,f1_0.flight_number,f1_0.operating_airlines from flight f1_0 where f1_0.departure_city=? and f1_0.arrival_city=? and f1_0.date_of_departure=?
]]></system-out>
  </testcase>
  <testcase name="findById_returnsPersistedFlight" classname="com.bharath.flightreservation.repos.FlightRepositoryTest" time="0.027">
    <system-out><![CDATA[Hibernate: insert into flight (arrival_city,date_of_departure,departure_city,estimated_departure_time,flight_number,operating_airlines,id) values (?,?,?,?,?,?,default)
Hibernate: insert into flight (arrival_city,date_of_departure,departure_city,estimated_departure_time,flight_number,operating_airlines,id) values (?,?,?,?,?,?,default)
Hibernate: insert into flight (arrival_city,date_of_departure,departure_city,estimated_departure_time,flight_number,operating_airlines,id) values (?,?,?,?,?,?,default)
Hibernate: insert into flight (arrival_city,date_of_departure,departure_city,estimated_departure_time,flight_number,operating_airlines,id) values (?,?,?,?,?,?,default)
]]></system-out>
  </testcase>
  <testcase name="save_persistsFlightAndAssignsId" classname="com.bharath.flightreservation.repos.FlightRepositoryTest" time="0.012">
    <system-out><![CDATA[Hibernate: insert into flight (arrival_city,date_of_departure,departure_city,estimated_departure_time,flight_number,operating_airlines,id) values (?,?,?,?,?,?,default)
Hibernate: insert into flight (arrival_city,date_of_departure,departure_city,estimated_departure_time,flight_number,operating_airlines,id) values (?,?,?,?,?,?,default)
Hibernate: insert into flight (arrival_city,date_of_departure,departure_city,estimated_departure_time,flight_number,operating_airlines,id) values (?,?,?,?,?,?,default)
Hibernate: insert into flight (arrival_city,date_of_departure,departure_city,estimated_departure_time,flight_number,operating_airlines,id) values (?,?,?,?,?,?,default)
]]></system-out>
  </testcase>
  <testcase name="findFlights_returnsMatchingFlight_whenAllCriteriaMatch" classname="com.bharath.flightreservation.repos.FlightRepositoryTest" time="0.007">
    <system-out><![CDATA[Hibernate: insert into flight (arrival_city,date_of_departure,departure_city,estimated_departure_time,flight_number,operating_airlines,id) values (?,?,?,?,?,?,default)
Hibernate: insert into flight (arrival_city,date_of_departure,departure_city,estimated_departure_time,flight_number,operating_airlines,id) values (?,?,?,?,?,?,default)
Hibernate: insert into flight (arrival_city,date_of_departure,departure_city,estimated_departure_time,flight_number,operating_airlines,id) values (?,?,?,?,?,?,default)
Hibernate: select f1_0.id,f1_0.arrival_city,f1_0.date_of_departure,f1_0.departure_city,f1_0.estimated_departure_time,f1_0.flight_number,f1_0.operating_airlines from flight f1_0 where f1_0.departure_city=? and f1_0.arrival_city=? and f1_0.date_of_departure=?
]]></system-out>
  </testcase>
  <testcase name="findFlights_doesNotReturnFlightsFromDifferentRoute_onSameDate" classname="com.bharath.flightreservation.repos.FlightRepositoryTest" time="0.011">
    <system-out><![CDATA[Hibernate: insert into flight (arrival_city,date_of_departure,departure_city,estimated_departure_time,flight_number,operating_airlines,id) values (?,?,?,?,?,?,default)
Hibernate: insert into flight (arrival_city,date_of_departure,departure_city,estimated_departure_time,flight_number,operating_airlines,id) values (?,?,?,?,?,?,default)
Hibernate: insert into flight (arrival_city,date_of_departure,departure_city,estimated_departure_time,flight_number,operating_airlines,id) values (?,?,?,?,?,?,default)
Hibernate: select f1_0.id,f1_0.arrival_city,f1_0.date_of_departure,f1_0.departure_city,f1_0.estimated_departure_time,f1_0.flight_number,f1_0.operating_airlines from flight f1_0 where f1_0.departure_city=? and f1_0.arrival_city=? and f1_0.date_of_departure=?
]]></system-out>
  </testcase>
  <testcase name="findFlights_returnsEmptyList_whenNoCityMatch" classname="com.bharath.flightreservation.repos.FlightRepositoryTest" time="0.009">
    <system-out><![CDATA[Hibernate: insert into flight (arrival_city,date_of_departure,departure_city,estimated_departure_time,flight_number,operating_airlines,id) values (?,?,?,?,?,?,default)
Hibernate: insert into flight (arrival_city,date_of_departure,departure_city,estimated_departure_time,flight_number,operating_airlines,id) values (?,?,?,?,?,?,default)
Hibernate: insert into flight (arrival_city,date_of_departure,departure_city,estimated_departure_time,flight_number,operating_airlines,id) values (?,?,?,?,?,?,default)
Hibernate: select f1_0.id,f1_0.arrival_city,f1_0.date_of_departure,f1_0.departure_city,f1_0.estimated_departure_time,f1_0.flight_number,f1_0.operating_airlines from flight f1_0 where f1_0.departure_city=? and f1_0.arrival_city=? and f1_0.date_of_departure=?
]]></system-out>
  </testcase>
  <testcase name="findFlights_returnsEmptyList_whenDateDoesNotMatch" classname="com.bharath.flightreservation.repos.FlightRepositoryTest" time="0.006">
    <system-out><![CDATA[Hibernate: insert into flight (arrival_city,date_of_departure,departure_city,estimated_departure_time,flight_number,operating_airlines,id) values (?,?,?,?,?,?,default)
Hibernate: insert into flight (arrival_city,date_of_departure,departure_city,estimated_departure_time,flight_number,operating_airlines,id) values (?,?,?,?,?,?,default)
Hibernate: insert into flight (arrival_city,date_of_departure,departure_city,estimated_departure_time,flight_number,operating_airlines,id) values (?,?,?,?,?,?,default)
Hibernate: select f1_0.id,f1_0.arrival_city,f1_0.date_of_departure,f1_0.departure_city,f1_0.estimated_departure_time,f1_0.flight_number,f1_0.operating_airlines from flight f1_0 where f1_0.departure_city=? and f1_0.arrival_city=? and f1_0.date_of_departure=?
]]></system-out>
  </testcase>
  <testcase name="findFlights_doesNotReturnFlightsOnDifferentDate_forSameRoute" classname="com.bharath.flightreservation.repos.FlightRepositoryTest" time="0.008">
    <system-out><![CDATA[Hibernate: insert into flight (arrival_city,date_of_departure,departure_city,estimated_departure_time,flight_number,operating_airlines,id) values (?,?,?,?,?,?,default)
Hibernate: insert into flight (arrival_city,date_of_departure,departure_city,estimated_departure_time,flight_number,operating_airlines,id) values (?,?,?,?,?,?,default)
Hibernate: insert into flight (arrival_city,date_of_departure,departure_city,estimated_departure_time,flight_number,operating_airlines,id) values (?,?,?,?,?,?,default)
Hibernate: select f1_0.id,f1_0.arrival_city,f1_0.date_of_departure,f1_0.departure_city,f1_0.estimated_departure_time,f1_0.flight_number,f1_0.operating_airlines from flight f1_0 where f1_0.departure_city=? and f1_0.arrival_city=? and f1_0.date_of_departure=?
]]></system-out>
  </testcase>
</testsuite>